  main.cpp
C:\Users\mmayo\Desktop\Shooter2dUDP\Shooter2D\SFML-3.0.0\include\SFML\System\Exception.hpp(41,47): warning C4275: se ha utilizado una interfaz no de DLL class 'std::runtime_error' como base para la interfaz DLL class 'sf::Exception'
  (compilando archivo de origen "main.cpp")
  C:\Program Files\Microsoft Visual Studio\2022\Community\VC\Tools\MSVC\14.38.33130\include\stdexcept(100,19):
  vea la declaración de 'std::runtime_error'
  C:\Users\mmayo\Desktop\Shooter2dUDP\Shooter2D\SFML-3.0.0\include\SFML\System\Exception.hpp(41,23):
  vea la declaración de 'sf::Exception'
  
  Servidor_Servicios.cpp
C:\Users\mmayo\Desktop\Shooter2dUDP\Shooter2D\SFML-3.0.0\include\SFML\System\Exception.hpp(41,47): warning C4275: se ha utilizado una interfaz no de DLL class 'std::runtime_error' como base para la interfaz DLL class 'sf::Exception'
  (compilando archivo de origen "Servidor_Servicios.cpp")
  C:\Program Files\Microsoft Visual Studio\2022\Community\VC\Tools\MSVC\14.38.33130\include\stdexcept(100,19):
  vea la declaración de 'std::runtime_error'
  C:\Users\mmayo\Desktop\Shooter2dUDP\Shooter2D\SFML-3.0.0\include\SFML\System\Exception.hpp(41,23):
  vea la declaración de 'sf::Exception'
  
C:\Users\mmayo\Desktop\Shooter2dUDP\Shooter2D\Servidor_Servicios\Servidor_Servicios.cpp(108,17): warning C4834: Descartar el valor de retorno de la función con el atributo [[nodiscard]]
C:\Users\mmayo\Desktop\Shooter2dUDP\Shooter2D\Servidor_Servicios\Servidor_Servicios.cpp(113,17): warning C4834: Descartar el valor de retorno de la función con el atributo [[nodiscard]]
C:\Users\mmayo\Desktop\Shooter2dUDP\Shooter2D\Servidor_Servicios\Servidor_Servicios.cpp(132,17): warning C4834: Descartar el valor de retorno de la función con el atributo [[nodiscard]]
C:\Users\mmayo\Desktop\Shooter2dUDP\Shooter2D\Servidor_Servicios\Servidor_Servicios.cpp(145,17): warning C4834: Descartar el valor de retorno de la función con el atributo [[nodiscard]]
C:\Users\mmayo\Desktop\Shooter2dUDP\Shooter2D\Servidor_Servicios\Servidor_Servicios.cpp(305,16): warning C4834: Descartar el valor de retorno de la función con el atributo [[nodiscard]]
C:\Users\mmayo\Desktop\Shooter2dUDP\Shooter2D\Servidor_Servicios\Servidor_Servicios.cpp(306,16): warning C4834: Descartar el valor de retorno de la función con el atributo [[nodiscard]]
  Generando código...
  Servidor_Servicios.vcxproj -> C:\Users\mmayo\Desktop\Shooter2dUDP\Shooter2D\x64\Debug\Servidor_Servicios.exe
